#
# A fatal error has been detected by the Java Runtime Environment:
#
#  EXCEPTION_ACCESS_VIOLATION (0xc0000005) at pc=0x00007ffb25d41909, pid=8208, tid=19812
#
# JRE version: OpenJDK Runtime Environment Temurin-17+35 (17.0+35) (build 17+35)
# Java VM: OpenJDK 64-Bit Server VM Temurin-17+35 (17+35, mixed mode, tiered, compressed oops, compressed class ptrs, g1 gc, windows-amd64)
# Problematic frame:
# C  [ig11icd64.dll+0x5a1909]
#
# No core dump will be written. Minidumps are not enabled by default on client versions of Windows
#
# If you would like to submit a bug report, please visit:
#   https://github.com/adoptium/adoptium-support/issues
#

---------------  S U M M A R Y ------------

Command Line: -Dfile.encoding=UTF-8 -XX:+ShowCodeDetailsInExceptionMessages protein_structural_autoencoder.App

Host: Intel(R) Core(TM) i5-1035G1 CPU @ 1.00GHz, 8 cores, 7G,  Windows 10 , 64 bit Build 22000 (10.0.22000.434)
Time: Thu Feb 17 18:27:49 2022 Paris, Madrid elapsed time: 1.610153 seconds (0d 0h 0m 1s)

---------------  T H R E A D  ---------------

Current thread (0x000002a7c9174a00):  VMThread "VM Thread" [stack: 0x000000ef8d800000,0x000000ef8d900000] [id=19812]

Stack: [0x000000ef8d800000,0x000000ef8d900000],  sp=0x000000ef8d8fe520,  free space=1017k
Native frames: (J=compiled Java code, j=interpreted, Vv=VM code, C=native code)
C  [ig11icd64.dll+0x5a1909]


siginfo: EXCEPTION_ACCESS_VIOLATION (0xc0000005), reading address 0x0000000000035378


Register to memory mapping:

RIP=0x00007ffb25d41909 ig11icd64.dll
RAX=0x000002a7cfb4b3b0 points into unknown readable memory: 0x0000000000000029 | 29 00 00 00 00 00 00 00
RBX=0x000002a7cfb4b270 points into unknown readable memory: 0x000002a7ca4d8aa0 | a0 8a 4d ca a7 02 00 00
RCX=0x0 is NULL
RDX=0x000002a7cfb4b370 points into unknown readable memory: 0x0000000000000000 | 00 00 00 00 00 00 00 00
RSP=0x000000ef8d8fe520 points into unknown readable memory: 0x000002a7ca4118e0 | e0 18 41 ca a7 02 00 00
RBP=0x0 is NULL
RSI=0x000002a7cfb4b7b8 points into unknown readable memory: 0x0000000000000000 | 00 00 00 00 00 00 00 00
RDI=0x000002a7ca2d4b20 points into unknown readable memory: 0x00007ffb91f10a00 | 00 0a f1 91 fb 7f 00 00
R8 =0x0000000000000014 is an unknown value
R9 =0x0 is NULL
R10=0x0 is NULL
R11=0x0000000000000246 is an unknown value
R12=0x0 is NULL
R13=0x0 is NULL
R14=0x0 is NULL
R15=0x0 is NULL


Registers:
RAX=0x000002a7cfb4b3b0, RBX=0x000002a7cfb4b270, RCX=0x0000000000000000, RDX=0x000002a7cfb4b370
RSP=0x000000ef8d8fe520, RBP=0x0000000000000000, RSI=0x000002a7cfb4b7b8, RDI=0x000002a7ca2d4b20
R8 =0x0000000000000014, R9 =0x0000000000000000, R10=0x0000000000000000, R11=0x0000000000000246
R12=0x0000000000000000, R13=0x0000000000000000, R14=0x0000000000000000, R15=0x0000000000000000
RIP=0x00007ffb25d41909, EFLAGS=0x0000000000010202

Top of Stack: (sp=0x000000ef8d8fe520)
0x000000ef8d8fe520:   000002a7ca4118e0 00000000000004b4
0x000000ef8d8fe530:   000000ef8d8fe568 0000005400000000
0x000000ef8d8fe540:   00007ffb26744fa0 0000000000000000
0x000000ef8d8fe550:   000002a7cfa35410 0000000000000068
0x000000ef8d8fe560:   0000000000000000 00007ffb25d22611
0x000000ef8d8fe570:   000002a7ca4118e0 000002a7ca2d4b20
0x000000ef8d8fe580:   000000ef8d8fe670 000000000000002a
0x000000ef8d8fe590:   000000ef00000694 000000ef00000000
0x000000ef8d8fe5a0:   0000000000000000 0000000000000000
0x000000ef8d8fe5b0:   0000000000000000 000000ef8d8fe840
0x000000ef8d8fe5c0:   000000ef8d8fe6d0 00007ffb923256cb
0x000000ef8d8fe5d0:   000000ef8d8fe780 0000000000000000
0x000000ef8d8fe5e0:   0000000000000000 000000ef8d8fe618
0x000000ef8d8fe5f0:   000000ef8d8fe640 0000000000000000
0x000000ef8d8fe600:   0000000000000000 0000000000000000
0x000000ef8d8fe610:   0000000000000000 0000000000140012 

Instructions: (pc=0x00007ffb25d41909)
0x00007ffb25d41809:   30 44 38 24 01 75 05 e8 d3 14 f9 ff 65 48 8b 04
0x00007ffb25d41819:   25 58 00 00 00 41 be 20 00 00 00 48 8b 04 30 4d
0x00007ffb25d41829:   8b 34 06 48 85 ed 0f 84 6f 03 00 00 66 66 66 0f
0x00007ffb25d41839:   1f 84 00 00 00 00 00 48 8b dd 48 8d b5 48 05 00
0x00007ffb25d41849:   00 48 8b 2e 45 84 ff 74 1d 48 8b 0b 48 8b d3 80
0x00007ffb25d41859:   bb a0 05 00 00 00 0f 85 f2 02 00 00 e8 16 5f fe
0x00007ffb25d41869:   ff e9 f4 02 00 00 8b 8f d0 01 00 00 48 8b 05 74
0x00007ffb25d41879:   4e 90 00 83 b8 64 03 00 00 02 0f 85 f4 00 00 00
0x00007ffb25d41889:   48 8d 93 00 01 00 00 83 f9 10 73 04 8b c1 eb 56
0x00007ffb25d41899:   44 8d 41 f0 41 8b c0 c1 e8 04 83 f8 03 73 20 0f
0x00007ffb25d418a9:   ae e8 41 83 e0 0f 4c 8b 8c c2 00 04 00 00 4d 85
0x00007ffb25d418b9:   c9 74 25 41 8b c0 48 c1 e0 06 49 03 c1 eb 2e 48
0x00007ffb25d418c9:   8b 82 18 04 00 00 48 85 c0 74 0d 39 08 74 29 48
0x00007ffb25d418d9:   8b 40 48 48 85 c0 75 f3 80 ba 20 04 00 00 00 74
0x00007ffb25d418e9:   1d 8b c1 83 e0 0f 48 c1 e0 06 48 03 c2 48 85 c0
0x00007ffb25d418f9:   74 0c 48 8b 48 08 eb 08 48 83 c0 08 eb ef 33 c9
0x00007ffb25d41909:   49 3b 8e 78 53 03 00 76 6b 48 8b 87 80 02 00 00
0x00007ffb25d41919:   48 89 06 48 89 9f 80 02 00 00 ff 87 88 02 00 00
0x00007ffb25d41929:   48 8b 4b 08 48 8b 01 ba 01 00 00 00 48 8b 80 e0
0x00007ffb25d41939:   02 00 00 ff 15 be fc 59 00 0f b7 c8 48 2b c1 48
0x00007ffb25d41949:   05 00 00 01 00 48 01 87 90 02 00 00 48 8b 4b 08
0x00007ffb25d41959:   48 8b 01 ba 01 00 00 00 48 8b 80 e0 02 00 00 ff
0x00007ffb25d41969:   15 92 fc 59 00 48 01 87 a0 02 00 00 41 b4 01 e9
0x00007ffb25d41979:   e6 01 00 00 44 8b 9f d0 01 00 00 48 8b 87 e8 01
0x00007ffb25d41989:   00 00 4c 8b 10 8b 8f d0 01 00 00 48 8d 93 00 01
0x00007ffb25d41999:   00 00 83 f9 10 73 04 8b c1 eb 57 44 8d 41 f0 41
0x00007ffb25d419a9:   8b c0 c1 e8 04 83 f8 03 73 20 0f ae e8 41 83 e0
0x00007ffb25d419b9:   0f 4c 8b 8c c2 00 04 00 00 4d 85 c9 74 26 41 8b
0x00007ffb25d419c9:   c0 48 c1 e0 06 49 03 c1 eb 2f 48 8b 82 18 04 00
0x00007ffb25d419d9:   00 48 85 c0 74 0e 90 39 08 74 3c 48 8b 40 48 48
0x00007ffb25d419e9:   85 c0 75 f3 80 ba 20 04 00 00 00 74 1b 8b c1 83
0x00007ffb25d419f9:   e0 0f 48 c1 e0 06 48 03 c2 48 85 c0 74 0a 4c 39 


Stack slot to memory mapping:
stack at sp + 0 slots: 0x000002a7ca4118e0 points into unknown readable memory: 0xffffffffffffffff | ff ff ff ff ff ff ff ff
stack at sp + 1 slots: 0x00000000000004b4 is an unknown value
stack at sp + 2 slots: 0x000000ef8d8fe568 points into unknown readable memory: 0x00007ffb25d22611 | 11 26 d2 25 fb 7f 00 00
stack at sp + 3 slots: 0x0000005400000000 is an unknown value
stack at sp + 4 slots: 0x00007ffb26744fa0 ig11icd64.dll
stack at sp + 5 slots: 0x0 is NULL
stack at sp + 6 slots: 0x000002a7cfa35410 points into unknown readable memory: 0x0000000000000000 | 00 00 00 00 00 00 00 00
stack at sp + 7 slots: 0x0000000000000068 is an unknown value

VM_Operation (0x000000ef8d2fe800): Exit, mode: safepoint, requested by thread 0x000002a7af3b2180


---------------  P R O C E S S  ---------------

Threads class SMR info:
_java_thread_list=0x000002a7d0142610, length=14, elements={
0x000002a7af3b2180, 0x000002a7c9155600, 0x000002a7c9155fb0, 0x000002a7c915e290,
0x000002a7c91a0020, 0x000002a7c91a28f0, 0x000002a7c91a31b0, 0x000002a7c9c2e520,
0x000002a7c9c2ee20, 0x000002a7c9c41800, 0x000002a7c9da27e0, 0x000002a7c9da54e0,
0x000002a7d0107750, 0x000002a7cfc72fe0
}

Java Threads: ( => current thread )
  0x000002a7af3b2180 JavaThread "main" [_thread_blocked, id=11636, stack(0x000000ef8d200000,0x000000ef8d300000)]
  0x000002a7c9155600 JavaThread "Reference Handler" daemon [_thread_blocked, id=8992, stack(0x000000ef8d900000,0x000000ef8da00000)]
  0x000002a7c9155fb0 JavaThread "Finalizer" daemon [_thread_blocked, id=13724, stack(0x000000ef8da00000,0x000000ef8db00000)]
  0x000002a7c915e290 JavaThread "Signal Dispatcher" daemon [_thread_blocked, id=12300, stack(0x000000ef8db00000,0x000000ef8dc00000)]
  0x000002a7c91a0020 JavaThread "Attach Listener" daemon [_thread_blocked, id=8120, stack(0x000000ef8dc00000,0x000000ef8dd00000)]
  0x000002a7c91a28f0 JavaThread "Service Thread" daemon [_thread_blocked, id=13640, stack(0x000000ef8dd00000,0x000000ef8de00000)]
  0x000002a7c91a31b0 JavaThread "Monitor Deflation Thread" daemon [_thread_blocked, id=1196, stack(0x000000ef8de00000,0x000000ef8df00000)]
  0x000002a7c9c2e520 JavaThread "C2 CompilerThread0" daemon [_thread_blocked, id=18484, stack(0x000000ef8df00000,0x000000ef8e000000)]
  0x000002a7c9c2ee20 JavaThread "C1 CompilerThread0" daemon [_thread_blocked, id=13844, stack(0x000000ef8e000000,0x000000ef8e100000)]
  0x000002a7c9c41800 JavaThread "Sweeper thread" daemon [_thread_blocked, id=15384, stack(0x000000ef8e100000,0x000000ef8e200000)]
  0x000002a7c9da27e0 JavaThread "Notification Thread" daemon [_thread_blocked, id=17320, stack(0x000000ef8e200000,0x000000ef8e300000)]
  0x000002a7c9da54e0 JavaThread "Common-Cleaner" daemon [_thread_blocked, id=13124, stack(0x000000ef8e400000,0x000000ef8e500000)]
  0x000002a7d0107750 JavaThread "C2 CompilerThread1" daemon [_thread_blocked, id=1192, stack(0x000000ef8ec00000,0x000000ef8ed00000)]
  0x000002a7cfc72fe0 JavaThread "C2 CompilerThread2" daemon [_thread_blocked, id=14868, stack(0x000000ef8ed00000,0x000000ef8ee00000)]

Other Threads:
=>0x000002a7c9174a00 VMThread "VM Thread" [stack: 0x000000ef8d800000,0x000000ef8d900000] [id=19812]
  0x000002a7af3efdd0 GCTaskThread "GC Thread#0" [stack: 0x000000ef8d300000,0x000000ef8d400000] [id=19680]
  0x000002a7d01bbc80 GCTaskThread "GC Thread#1" [stack: 0x000000ef8ee00000,0x000000ef8ef00000] [id=16764]
  0x000002a7d01cba80 GCTaskThread "GC Thread#2" [stack: 0x000000ef8ef00000,0x000000ef8f000000] [id=4756]
  0x000002a7d00ae060 GCTaskThread "GC Thread#3" [stack: 0x000000ef8f000000,0x000000ef8f100000] [id=15020]
  0x000002a7d0530c90 GCTaskThread "GC Thread#4" [stack: 0x000000ef8f100000,0x000000ef8f200000] [id=19900]
  0x000002a7d02cf8b0 GCTaskThread "GC Thread#5" [stack: 0x000000ef8f200000,0x000000ef8f300000] [id=19320]
  0x000002a7d0407e20 GCTaskThread "GC Thread#6" [stack: 0x000000ef8f300000,0x000000ef8f400000] [id=10580]
  0x000002a7d04080d0 GCTaskThread "GC Thread#7" [stack: 0x000000ef8f400000,0x000000ef8f500000] [id=872]
  0x000002a7af400510 ConcurrentGCThread "G1 Main Marker" terminated
  0x000002a7af401730 ConcurrentGCThread "G1 Conc#0" [stack: 0x000000ef8d500000,0x000000ef8d600000] [id=8784]
  0x000002a7af47ca60 ConcurrentGCThread "G1 Refine#0" terminated
  0x000002a7af47d480 ConcurrentGCThread "G1 Service" terminated

Threads with active compile tasks:
C2 CompilerThread0  
[error occurred during error reporting (printing all threads), id 0xc0000005, EXCEPTION_ACCESS_VIOLATION (0xc0000005) at pc=0x00007ffb289cd453]

VM state: at safepoint (shutting down)

VM Mutex/Monitor currently owned by a thread:  ([mutex/lock_event])
[0x000002a7af3aef80] Threads_lock - owner thread: 0x000002a7c9174a00
[0x000002a7af3ae200] Heap_lock - owner thread: 0x000002a7af3b2180

Heap address: 0x0000000084000000, size: 1984 MB, Compressed Oops mode: 32-bit

CDS archive(s) not mapped
Compressed class space mapped at: 0x0000000100000000-0x0000000140000000, reserved size: 1073741824
Narrow klass base: 0x0000000000000000, Narrow klass shift: 3, Narrow klass range: 0x140000000

GC Precious Log:
 CPUs: 8 total, 8 available
 Memory: 7930M
 Large Page Support: Disabled
 NUMA Support: Disabled
 Compressed Oops: Enabled (32-bit)
 Heap Region Size: 1M
 Heap Min Capacity: 8M
 Heap Initial Capacity: 124M
 Heap Max Capacity: 1984M
 Pre-touch: Disabled
 Parallel Workers: 8
 Concurrent Workers: 2
 Concurrent Refinement Workers: 8
 Periodic GC: Disabled

Heap:
 garbage-first heap   total 126976K, used 29535K [0x0000000084000000, 0x0000000100000000)
  region size 1024K, 25 young (25600K), 5 survivors (5120K)
 Metaspace       used 14663K, committed 14912K, reserved 1064960K
  class space    used 1067K, committed 1152K, reserved 1048576K

Heap Regions: E=young(eden), S=young(survivor), O=old, HS=humongous(starts), HC=humongous(continues), CS=collection set, F=free, OA=open archive, CA=closed archive, TAMS=top-at-mark-start (previous, next)
|   0|0x0000000084000000, 0x0000000084100000, 0x0000000084100000|100%| O|  |TAMS 0x0000000084000000, 0x0000000084000000| Untracked 
|   1|0x0000000084100000, 0x0000000084200000, 0x0000000084200000|100%| O|  |TAMS 0x0000000084100000, 0x0000000084100000| Untracked 
|   2|0x0000000084200000, 0x0000000084300000, 0x0000000084300000|100%| O|  |TAMS 0x0000000084200000, 0x0000000084200000| Untracked 
|   3|0x0000000084300000, 0x0000000084400000, 0x0000000084400000|100%| O|  |TAMS 0x0000000084300000, 0x0000000084300000| Untracked 
|   4|0x0000000084400000, 0x00000000844d7c00, 0x0000000084500000| 84%| O|  |TAMS 0x0000000084400000, 0x0000000084400000| Untracked 
|   5|0x0000000084500000, 0x0000000084500000, 0x0000000084600000|  0%| F|  |TAMS 0x0000000084500000, 0x0000000084500000| Untracked 
|   6|0x0000000084600000, 0x0000000084600000, 0x0000000084700000|  0%| F|  |TAMS 0x0000000084600000, 0x0000000084600000| Untracked 
|   7|0x0000000084700000, 0x0000000084700000, 0x0000000084800000|  0%| F|  |TAMS 0x0000000084700000, 0x0000000084700000| Untracked 
|   8|0x0000000084800000, 0x0000000084800000, 0x0000000084900000|  0%| F|  |TAMS 0x0000000084800000, 0x0000000084800000| Untracked 
|   9|0x0000000084900000, 0x0000000084900000, 0x0000000084a00000|  0%| F|  |TAMS 0x0000000084900000, 0x0000000084900000| Untracked 
|  10|0x0000000084a00000, 0x0000000084a00000, 0x0000000084b00000|  0%| F|  |TAMS 0x0000000084a00000, 0x0000000084a00000| Untracked 
|  11|0x0000000084b00000, 0x0000000084b00000, 0x0000000084c00000|  0%| F|  |TAMS 0x0000000084b00000, 0x0000000084b00000| Untracked 
|  12|0x0000000084c00000, 0x0000000084c00000, 0x0000000084d00000|  0%| F|  |TAMS 0x0000000084c00000, 0x0000000084c00000| Untracked 
|  13|0x0000000084d00000, 0x0000000084d00000, 0x0000000084e00000|  0%| F|  |TAMS 0x0000000084d00000, 0x0000000084d00000| Untracked 
|  14|0x0000000084e00000, 0x0000000084e00000, 0x0000000084f00000|  0%| F|  |TAMS 0x0000000084e00000, 0x0000000084e00000| Untracked 
|  15|0x0000000084f00000, 0x0000000084f00000, 0x0000000085000000|  0%| F|  |TAMS 0x0000000084f00000, 0x0000000084f00000| Untracked 
|  16|0x0000000085000000, 0x0000000085000000, 0x0000000085100000|  0%| F|  |TAMS 0x0000000085000000, 0x0000000085000000| Untracked 
|  17|0x0000000085100000, 0x0000000085100000, 0x0000000085200000|  0%| F|  |TAMS 0x0000000085100000, 0x0000000085100000| Untracked 
|  18|0x0000000085200000, 0x0000000085200000, 0x0000000085300000|  0%| F|  |TAMS 0x0000000085200000, 0x0000000085200000| Untracked 
|  19|0x0000000085300000, 0x0000000085300000, 0x0000000085400000|  0%| F|  |TAMS 0x0000000085300000, 0x0000000085300000| Untracked 
|  20|0x0000000085400000, 0x0000000085400000, 0x0000000085500000|  0%| F|  |TAMS 0x0000000085400000, 0x0000000085400000| Untracked 
|  21|0x0000000085500000, 0x0000000085500000, 0x0000000085600000|  0%| F|  |TAMS 0x0000000085500000, 0x0000000085500000| Untracked 
|  22|0x0000000085600000, 0x0000000085600000, 0x0000000085700000|  0%| F|  |TAMS 0x0000000085600000, 0x0000000085600000| Untracked 
|  23|0x0000000085700000, 0x0000000085700000, 0x0000000085800000|  0%| F|  |TAMS 0x0000000085700000, 0x0000000085700000| Untracked 
|  24|0x0000000085800000, 0x0000000085800000, 0x0000000085900000|  0%| F|  |TAMS 0x0000000085800000, 0x0000000085800000| Untracked 
|  25|0x0000000085900000, 0x0000000085900000, 0x0000000085a00000|  0%| F|  |TAMS 0x0000000085900000, 0x0000000085900000| Untracked 
|  26|0x0000000085a00000, 0x0000000085a00000, 0x0000000085b00000|  0%| F|  |TAMS 0x0000000085a00000, 0x0000000085a00000| Untracked 
|  27|0x0000000085b00000, 0x0000000085b00000, 0x0000000085c00000|  0%| F|  |TAMS 0x0000000085b00000, 0x0000000085b00000| Untracked 
|  28|0x0000000085c00000, 0x0000000085c00000, 0x0000000085d00000|  0%| F|  |TAMS 0x0000000085c00000, 0x0000000085c00000| Untracked 
|  29|0x0000000085d00000, 0x0000000085d00000, 0x0000000085e00000|  0%| F|  |TAMS 0x0000000085d00000, 0x0000000085d00000| Untracked 
|  30|0x0000000085e00000, 0x0000000085e00000, 0x0000000085f00000|  0%| F|  |TAMS 0x0000000085e00000, 0x0000000085e00000| Untracked 
|  31|0x0000000085f00000, 0x0000000085f00000, 0x0000000086000000|  0%| F|  |TAMS 0x0000000085f00000, 0x0000000085f00000| Untracked 
|  32|0x0000000086000000, 0x0000000086000000, 0x0000000086100000|  0%| F|  |TAMS 0x0000000086000000, 0x0000000086000000| Untracked 
|  33|0x0000000086100000, 0x0000000086100000, 0x0000000086200000|  0%| F|  |TAMS 0x0000000086100000, 0x0000000086100000| Untracked 
|  34|0x0000000086200000, 0x0000000086200000, 0x0000000086300000|  0%| F|  |TAMS 0x0000000086200000, 0x0000000086200000| Untracked 
|  35|0x0000000086300000, 0x0000000086300000, 0x0000000086400000|  0%| F|  |TAMS 0x0000000086300000, 0x0000000086300000| Untracked 
|  36|0x0000000086400000, 0x0000000086400000, 0x0000000086500000|  0%| F|  |TAMS 0x0000000086400000, 0x0000000086400000| Untracked 
|  37|0x0000000086500000, 0x0000000086500000, 0x0000000086600000|  0%| F|  |TAMS 0x0000000086500000, 0x0000000086500000| Untracked 
|  38|0x0000000086600000, 0x0000000086600000, 0x0000000086700000|  0%| F|  |TAMS 0x0000000086600000, 0x0000000086600000| Untracked 
|  39|0x0000000086700000, 0x0000000086700000, 0x0000000086800000|  0%| F|  |TAMS 0x0000000086700000, 0x0000000086700000| Untracked 
|  40|0x0000000086800000, 0x0000000086800000, 0x0000000086900000|  0%| F|  |TAMS 0x0000000086800000, 0x0000000086800000| Untracked 
|  41|0x0000000086900000, 0x0000000086900000, 0x0000000086a00000|  0%| F|  |TAMS 0x0000000086900000, 0x0000000086900000| Untracked 
|  42|0x0000000086a00000, 0x0000000086a00000, 0x0000000086b00000|  0%| F|  |TAMS 0x0000000086a00000, 0x0000000086a00000| Untracked 
|  43|0x0000000086b00000, 0x0000000086b00000, 0x0000000086c00000|  0%| F|  |TAMS 0x0000000086b00000, 0x0000000086b00000| Untracked 
|  44|0x0000000086c00000, 0x0000000086c00000, 0x0000000086d00000|  0%| F|  |TAMS 0x0000000086c00000, 0x0000000086c00000| Untracked 
|  45|0x0000000086d00000, 0x0000000086d00000, 0x0000000086e00000|  0%| F|  |TAMS 0x0000000086d00000, 0x0000000086d00000| Untracked 
|  46|0x0000000086e00000, 0x0000000086e00000, 0x0000000086f00000|  0%| F|  |TAMS 0x0000000086e00000, 0x0000000086e00000| Untracked 
|  47|0x0000000086f00000, 0x0000000086f00000, 0x0000000087000000|  0%| F|  |TAMS 0x0000000086f00000, 0x0000000086f00000| Untracked 
|  48|0x0000000087000000, 0x0000000087000000, 0x0000000087100000|  0%| F|  |TAMS 0x0000000087000000, 0x0000000087000000| Untracked 
|  49|0x0000000087100000, 0x0000000087100000, 0x0000000087200000|  0%| F|  |TAMS 0x0000000087100000, 0x0000000087100000| Untracked 
|  50|0x0000000087200000, 0x0000000087200000, 0x0000000087300000|  0%| F|  |TAMS 0x0000000087200000, 0x0000000087200000| Untracked 
|  51|0x0000000087300000, 0x0000000087300000, 0x0000000087400000|  0%| F|  |TAMS 0x0000000087300000, 0x0000000087300000| Untracked 
|  52|0x0000000087400000, 0x0000000087400000, 0x0000000087500000|  0%| F|  |TAMS 0x0000000087400000, 0x0000000087400000| Untracked 
|  53|0x0000000087500000, 0x0000000087500000, 0x0000000087600000|  0%| F|  |TAMS 0x0000000087500000, 0x0000000087500000| Untracked 
|  54|0x0000000087600000, 0x0000000087600000, 0x0000000087700000|  0%| F|  |TAMS 0x0000000087600000, 0x0000000087600000| Untracked 
|  55|0x0000000087700000, 0x0000000087700000, 0x0000000087800000|  0%| F|  |TAMS 0x0000000087700000, 0x0000000087700000| Untracked 
|  56|0x0000000087800000, 0x0000000087800000, 0x0000000087900000|  0%| F|  |TAMS 0x0000000087800000, 0x0000000087800000| Untracked 
|  57|0x0000000087900000, 0x0000000087900000, 0x0000000087a00000|  0%| F|  |TAMS 0x0000000087900000, 0x0000000087900000| Untracked 
|  58|0x0000000087a00000, 0x0000000087a00000, 0x0000000087b00000|  0%| F|  |TAMS 0x0000000087a00000, 0x0000000087a00000| Untracked 
|  59|0x0000000087b00000, 0x0000000087b00000, 0x0000000087c00000|  0%| F|  |TAMS 0x0000000087b00000, 0x0000000087b00000| Untracked 
|  60|0x0000000087c00000, 0x0000000087c00000, 0x0000000087d00000|  0%| F|  |TAMS 0x0000000087c00000, 0x0000000087c00000| Untracked 
|  61|0x0000000087d00000, 0x0000000087d00000, 0x0000000087e00000|  0%| F|  |TAMS 0x0000000087d00000, 0x0000000087d00000| Untracked 
|  62|0x0000000087e00000, 0x0000000087e00000, 0x0000000087f00000|  0%| F|  |TAMS 0x0000000087e00000, 0x0000000087e00000| Untracked 
|  63|0x0000000087f00000, 0x0000000087f00000, 0x0000000088000000|  0%| F|  |TAMS 0x0000000087f00000, 0x0000000087f00000| Untracked 
|  64|0x0000000088000000, 0x0000000088000000, 0x0000000088100000|  0%| F|  |TAMS 0x0000000088000000, 0x0000000088000000| Untracked 
|  65|0x0000000088100000, 0x0000000088100000, 0x0000000088200000|  0%| F|  |TAMS 0x0000000088100000, 0x0000000088100000| Untracked 
|  66|0x0000000088200000, 0x0000000088200000, 0x0000000088300000|  0%| F|  |TAMS 0x0000000088200000, 0x0000000088200000| Untracked 
|  67|0x0000000088300000, 0x0000000088300000, 0x0000000088400000|  0%| F|  |TAMS 0x0000000088300000, 0x0000000088300000| Untracked 
|  68|0x0000000088400000, 0x0000000088400000, 0x0000000088500000|  0%| F|  |TAMS 0x0000000088400000, 0x0000000088400000| Untracked 
|  69|0x0000000088500000, 0x0000000088500000, 0x0000000088600000|  0%| F|  |TAMS 0x0000000088500000, 0x0000000088500000| Untracked 
|  70|0x0000000088600000, 0x0000000088600000, 0x0000000088700000|  0%| F|  |TAMS 0x0000000088600000, 0x0000000088600000| Untracked 
|  71|0x0000000088700000, 0x0000000088700000, 0x0000000088800000|  0%| F|  |TAMS 0x0000000088700000, 0x0000000088700000| Untracked 
|  72|0x0000000088800000, 0x0000000088800000, 0x0000000088900000|  0%| F|  |TAMS 0x0000000088800000, 0x0000000088800000| Untracked 
|  73|0x0000000088900000, 0x0000000088900000, 0x0000000088a00000|  0%| F|  |TAMS 0x0000000088900000, 0x0000000088900000| Untracked 
|  74|0x0000000088a00000, 0x0000000088a00000, 0x0000000088b00000|  0%| F|  |TAMS 0x0000000088a00000, 0x0000000088a00000| Untracked 
|  75|0x0000000088b00000, 0x0000000088b00000, 0x0000000088c00000|  0%| F|  |TAMS 0x0000000088b00000, 0x0000000088b00000| Untracked 
|  76|0x0000000088c00000, 0x0000000088c00000, 0x0000000088d00000|  0%| F|  |TAMS 0x0000000088c00000, 0x0000000088c00000| Untracked 
|  77|0x0000000088d00000, 0x0000000088d00000, 0x0000000088e00000|  0%| F|  |TAMS 0x0000000088d00000, 0x0000000088d00000| Untracked 
|  78|0x0000000088e00000, 0x0000000088e00000, 0x0000000088f00000|  0%| F|  |TAMS 0x0000000088e00000, 0x0000000088e00000| Untracked 
|  79|0x0000000088f00000, 0x0000000088f00000, 0x0000000089000000|  0%| F|  |TAMS 0x0000000088f00000, 0x0000000088f00000| Untracked 
|  80|0x0000000089000000, 0x0000000089000000, 0x0000000089100000|  0%| F|  |TAMS 0x0000000089000000, 0x0000000089000000| Untracked 
|  81|0x0000000089100000, 0x0000000089100000, 0x0000000089200000|  0%| F|  |TAMS 0x0000000089100000, 0x0000000089100000| Untracked 
|  82|0x0000000089200000, 0x0000000089200000, 0x0000000089300000|  0%| F|  |TAMS 0x0000000089200000, 0x0000000089200000| Untracked 
|  83|0x0000000089300000, 0x0000000089400000, 0x0000000089400000|100%| S|CS|TAMS 0x0000000089300000, 0x0000000089300000| Complete 
|  84|0x0000000089400000, 0x0000000089500000, 0x0000000089500000|100%| S|CS|TAMS 0x0000000089400000, 0x0000000089400000| Complete 
|  85|0x0000000089500000, 0x0000000089600000, 0x0000000089600000|100%| S|CS|TAMS 0x0000000089500000, 0x0000000089500000| Complete 
|  86|0x0000000089600000, 0x0000000089700000, 0x0000000089700000|100%| S|CS|TAMS 0x0000000089600000, 0x0000000089600000| Complete 
|  87|0x0000000089700000, 0x0000000089800000, 0x0000000089800000|100%| S|CS|TAMS 0x0000000089700000, 0x0000000089700000| Complete 
|  88|0x0000000089800000, 0x0000000089800000, 0x0000000089900000|  0%| F|  |TAMS 0x0000000089800000, 0x0000000089800000| Untracked 
|  89|0x0000000089900000, 0x0000000089900000, 0x0000000089a00000|  0%| F|  |TAMS 0x0000000089900000, 0x0000000089900000| Untracked 
|  90|0x0000000089a00000, 0x0000000089a00000, 0x0000000089b00000|  0%| F|  |TAMS 0x0000000089a00000, 0x0000000089a00000| Untracked 
|  91|0x0000000089b00000, 0x0000000089b00000, 0x0000000089c00000|  0%| F|  |TAMS 0x0000000089b00000, 0x0000000089b00000| Untracked 
|  92|0x0000000089c00000, 0x0000000089c00000, 0x0000000089d00000|  0%| F|  |TAMS 0x0000000089c00000, 0x0000000089c00000| Untracked 
|  93|0x0000000089d00000, 0x0000000089d00000, 0x0000000089e00000|  0%| F|  |TAMS 0x0000000089d00000, 0x0000000089d00000| Untracked 
|  94|0x0000000089e00000, 0x0000000089e00000, 0x0000000089f00000|  0%| F|  |TAMS 0x0000000089e00000, 0x0000000089e00000| Untracked 
|  95|0x0000000089f00000, 0x0000000089f00000, 0x000000008a000000|  0%| F|  |TAMS 0x0000000089f00000, 0x0000000089f00000| Untracked 
|  96|0x000000008a000000, 0x000000008a000000, 0x000000008a100000|  0%| F|  |TAMS 0x000000008a000000, 0x000000008a000000| Untracked 
|  97|0x000000008a100000, 0x000000008a100000, 0x000000008a200000|  0%| F|  |TAMS 0x000000008a100000, 0x000000008a100000| Untracked 
|  98|0x000000008a200000, 0x000000008a200000, 0x000000008a300000|  0%| F|  |TAMS 0x000000008a200000, 0x000000008a200000| Untracked 
|  99|0x000000008a300000, 0x000000008a300000, 0x000000008a400000|  0%| F|  |TAMS 0x000000008a300000, 0x000000008a300000| Untracked 
| 100|0x000000008a400000, 0x000000008a400000, 0x000000008a500000|  0%| F|  |TAMS 0x000000008a400000, 0x000000008a400000| Untracked 
| 101|0x000000008a500000, 0x000000008a500000, 0x000000008a600000|  0%| F|  |TAMS 0x000000008a500000, 0x000000008a500000| Untracked 
| 102|0x000000008a600000, 0x000000008a600000, 0x000000008a700000|  0%| F|  |TAMS 0x000000008a600000, 0x000000008a600000| Untracked 
| 103|0x000000008a700000, 0x000000008a700000, 0x000000008a800000|  0%| F|  |TAMS 0x000000008a700000, 0x000000008a700000| Untracked 
| 104|0x000000008a800000, 0x000000008a900000, 0x000000008a900000|100%| E|  |TAMS 0x000000008a800000, 0x000000008a800000| Complete 
| 105|0x000000008a900000, 0x000000008aa00000, 0x000000008aa00000|100%| E|CS|TAMS 0x000000008a900000, 0x000000008a900000| Complete 
| 106|0x000000008aa00000, 0x000000008ab00000, 0x000000008ab00000|100%| E|CS|TAMS 0x000000008aa00000, 0x000000008aa00000| Complete 
| 107|0x000000008ab00000, 0x000000008ac00000, 0x000000008ac00000|100%| E|CS|TAMS 0x000000008ab00000, 0x000000008ab00000| Complete 
| 108|0x000000008ac00000, 0x000000008ad00000, 0x000000008ad00000|100%| E|CS|TAMS 0x000000008ac00000, 0x000000008ac00000| Complete 
| 109|0x000000008ad00000, 0x000000008ae00000, 0x000000008ae00000|100%| E|CS|TAMS 0x000000008ad00000, 0x000000008ad00000| Complete 
| 110|0x000000008ae00000, 0x000000008af00000, 0x000000008af00000|100%| E|CS|TAMS 0x000000008ae00000, 0x000000008ae00000| Complete 
| 111|0x000000008af00000, 0x000000008b000000, 0x000000008b000000|100%| E|CS|TAMS 0x000000008af00000, 0x000000008af00000| Complete 
| 112|0x000000008b000000, 0x000000008b100000, 0x000000008b100000|100%| E|CS|TAMS 0x000000008b000000, 0x000000008b000000| Complete 
| 113|0x000000008b100000, 0x000000008b200000, 0x000000008b200000|100%| E|CS|TAMS 0x000000008b100000, 0x000000008b100000| Complete 
| 114|0x000000008b200000, 0x000000008b300000, 0x000000008b300000|100%| E|CS|TAMS 0x000000008b200000, 0x000000008b200000| Complete 
| 115|0x000000008b300000, 0x000000008b400000, 0x000000008b400000|100%| E|CS|TAMS 0x000000008b300000, 0x000000008b300000| Complete 
| 116|0x000000008b400000, 0x000000008b500000, 0x000000008b500000|100%| E|CS|TAMS 0x000000008b400000, 0x000000008b400000| Complete 
| 117|0x000000008b500000, 0x000000008b600000, 0x000000008b600000|100%| E|CS|TAMS 0x000000008b500000, 0x000000008b500000| Complete 
| 118|0x000000008b600000, 0x000000008b700000, 0x000000008b700000|100%| E|CS|TAMS 0x000000008b600000, 0x000000008b600000| Complete 
| 119|0x000000008b700000, 0x000000008b800000, 0x000000008b800000|100%| E|CS|TAMS 0x000000008b700000, 0x000000008b700000| Complete 
| 120|0x000000008b800000, 0x000000008b900000, 0x000000008b900000|100%| E|CS|TAMS 0x000000008b800000, 0x000000008b800000| Complete 
| 121|0x000000008b900000, 0x000000008ba00000, 0x000000008ba00000|100%| E|CS|TAMS 0x000000008b900000, 0x000000008b900000| Complete 
| 122|0x000000008ba00000, 0x000000008bb00000, 0x000000008bb00000|100%| E|CS|TAMS 0x000000008ba00000, 0x000000008ba00000| Complete 
| 123|0x000000008bb00000, 0x000000008bc00000, 0x000000008bc00000|100%| E|CS|TAMS 0x000000008bb00000, 0x000000008bb00000| Complete 

Card table byte_map: [0x000002a7c2160000,0x000002a7c2540000] _byte_map_base: 0x000002a7c1d40000

Marking Bits (Prev, Next): (CMBitMap*) 0x000002a7af3f03e0, (CMBitMap*) 0x000002a7af3f0420
 Prev Bits: [0x000002a7c2920000, 0x000002a7c4820000)
 Next Bits: [0x000002a7c4820000, 0x000002a7c6720000)

Polling page: 0x000002a7ad340000

Metaspace:

Usage:
  Non-class:     13.28 MB used.
      Class:      1.04 MB used.
       Both:     14.32 MB used.

Virtual space:
  Non-class space:       16.00 MB reserved,      13.44 MB ( 84%) committed,  2 nodes.
      Class space:        1.00 GB reserved,       1.12 MB ( <1%) committed,  1 nodes.
             Both:        1.02 GB reserved,      14.56 MB (  1%) committed. 

Chunk freelists:
   Non-Class:  2.17 MB
       Class:  2.73 MB
        Both:  4.90 MB

MaxMetaspaceSize: unlimited
CompressedClassSpaceSize: 1.00 GB
Initial GC threshold: 21.00 MB
Current GC threshold: 21.00 MB
CDS: off
MetaspaceReclaimPolicy: balanced
 - commit_granule_bytes: 65536.
 - commit_granule_words: 8192.
 - virtual_space_node_default_size: 1048576.
 - enlarge_chunks_in_place: 1.
 - new_chunks_are_fully_committed: 0.
 - uncommit_free_chunks: 1.
 - use_allocation_guard: 0.
 - handle_deallocations: 1.


Internal statistics:

num_allocs_failed_limit: 0.
num_arena_births: 108.
num_arena_deaths: 0.
num_vsnodes_births: 3.
num_vsnodes_deaths: 0.
num_space_committed: 231.
num_space_uncommitted: 0.
num_chunks_returned_to_freelist: 0.
num_chunks_taken_from_freelist: 331.
num_chunk_merges: 0.
num_chunk_splits: 221.
num_chunks_enlarged: 170.
num_purges: 0.
num_inconsistent_stats: 0.

CodeHeap 'non-profiled nmethods': size=120000Kb used=453Kb max_used=453Kb free=119546Kb
 bounds [0x000002a7ba520000, 0x000002a7ba790000, 0x000002a7c1a50000]
CodeHeap 'profiled nmethods': size=120000Kb used=1921Kb max_used=1921Kb free=118079Kb
 bounds [0x000002a7b2ff0000, 0x000002a7b3260000, 0x000002a7ba520000]
CodeHeap 'non-nmethods': size=5760Kb used=1780Kb max_used=1794Kb free=3980Kb
 bounds [0x000002a7b2a50000, 0x000002a7b2cc0000, 0x000002a7b2ff0000]
 total_blobs=2418 nmethods=1166 adapters=1165
 compilation: enabled
              stopped_count=0, restarted_count=0
 full_count=0

Compilation events (20 events):
Event: 1.555 Thread 0x000002a7c9c2ee20 nmethod 1162 0x000002a7b31cd410 code [0x000002a7b31cd6c0, 0x000002a7b31ce218]
Event: 1.555 Thread 0x000002a7c9c2ee20 1163       3       java.util.concurrent.ConcurrentHashMap::isEmpty (15 bytes)
Event: 1.555 Thread 0x000002a7c9c2ee20 nmethod 1163 0x000002a7b31ce610 code [0x000002a7b31ce7c0, 0x000002a7b31ce968]
Event: 1.555 Thread 0x000002a7c9c2ee20 1165       3       jdk.internal.loader.NativeLibraries::find (72 bytes)
Event: 1.555 Thread 0x000002a7cfc72fe0 nmethod 1155 0x000002a7ba58ff10 code [0x000002a7ba5900c0, 0x000002a7ba5905a8]
Event: 1.555 Thread 0x000002a7cfc72fe0 1158       4       java.util.zip.ZipFile$Source::getEntryHash (7 bytes)
Event: 1.555 Thread 0x000002a7c9c2ee20 nmethod 1165 0x000002a7b31cea10 code [0x000002a7b31cec40, 0x000002a7b31cf498]
Event: 1.555 Thread 0x000002a7c9c2ee20 1164       3       java.lang.ClassLoader::findNative (21 bytes)
Event: 1.556 Thread 0x000002a7c9c2ee20 nmethod 1164 0x000002a7b31cf710 code [0x000002a7b31cf8e0, 0x000002a7b31cfaf8]
Event: 1.556 Thread 0x000002a7cfc72fe0 nmethod 1158 0x000002a7ba590910 code [0x000002a7ba590a80, 0x000002a7ba590b38]
Event: 1.556 Thread 0x000002a7cfc72fe0 1160       4       java.util.zip.ZipFile$Source::getEntryNext (9 bytes)
Event: 1.556 Thread 0x000002a7c9c2ee20 1166       1       java.lang.Double::doubleValue (5 bytes)
Event: 1.556 Thread 0x000002a7c9c2ee20 nmethod 1166 0x000002a7ba590c10 code [0x000002a7ba590da0, 0x000002a7ba590e78]
Event: 1.556 Thread 0x000002a7cfc72fe0 nmethod 1160 0x000002a7ba590f10 code [0x000002a7ba591080, 0x000002a7ba591138]
Event: 1.556 Thread 0x000002a7cfc72fe0 1159       4       java.lang.CharacterData::of (136 bytes)
Event: 1.556 Thread 0x000002a7c9c2ee20 1167       3       java.util.Arrays::fill (21 bytes)
Event: 1.556 Thread 0x000002a7c9c2ee20 nmethod 1167 0x000002a7b31cfc10 code [0x000002a7b31cfda0, 0x000002a7b31cff58]
Event: 1.557 Thread 0x000002a7c9c2ee20 1168       3       java.nio.Buffer::hasRemaining (17 bytes)
Event: 1.557 Thread 0x000002a7c9c2ee20 nmethod 1168 0x000002a7b31d0090 code [0x000002a7b31d0220, 0x000002a7b31d0398]
Event: 1.557 Thread 0x000002a7cfc72fe0 nmethod 1159 0x000002a7ba591210 code [0x000002a7ba591380, 0x000002a7ba591418]

GC Heap History (4 events):
Event: 1.491 GC heap before
{Heap before GC invocations=0 (full 0):
 garbage-first heap   total 126976K, used 22528K [0x0000000084000000, 0x0000000100000000)
  region size 1024K, 23 young (23552K), 0 survivors (0K)
 Metaspace       used 14567K, committed 14784K, reserved 1064960K
  class space    used 1060K, committed 1152K, reserved 1048576K
}
Event: 1.496 GC heap after
{Heap after GC invocations=1 (full 0):
 garbage-first heap   total 126976K, used 3104K [0x0000000084000000, 0x0000000100000000)
  region size 1024K, 3 young (3072K), 3 survivors (3072K)
 Metaspace       used 14567K, committed 14784K, reserved 1064960K
  class space    used 1060K, committed 1152K, reserved 1048576K
}
Event: 1.526 GC heap before
{Heap before GC invocations=1 (full 0):
 garbage-first heap   total 126976K, used 36896K [0x0000000084000000, 0x0000000100000000)
  region size 1024K, 36 young (36864K), 3 survivors (3072K)
 Metaspace       used 14578K, committed 14784K, reserved 1064960K
  class space    used 1060K, committed 1152K, reserved 1048576K
}
Event: 1.532 GC heap after
{Heap after GC invocations=2 (full 0):
 garbage-first heap   total 126976K, used 10079K [0x0000000084000000, 0x0000000100000000)
  region size 1024K, 5 young (5120K), 5 survivors (5120K)
 Metaspace       used 14578K, committed 14784K, reserved 1064960K
  class space    used 1060K, committed 1152K, reserved 1048576K
}

Deoptimization events (20 events):
Event: 1.542 Thread 0x000002a7af3b2180 DEOPT PACKING pc=0x000002a7b31be16d sp=0x000000ef8d2ff390
Event: 1.542 Thread 0x000002a7af3b2180 DEOPT UNPACKING pc=0x000002a7b2aa6763 sp=0x000000ef8d2fe858 mode 0
Event: 1.543 Thread 0x000002a7af3b2180 DEOPT PACKING pc=0x000002a7b31be2bf sp=0x000000ef8d2ff390
Event: 1.543 Thread 0x000002a7af3b2180 DEOPT UNPACKING pc=0x000002a7b2aa6763 sp=0x000000ef8d2fe858 mode 0
Event: 1.544 Thread 0x000002a7af3b2180 DEOPT PACKING pc=0x000002a7b31be2bf sp=0x000000ef8d2ff390
Event: 1.544 Thread 0x000002a7af3b2180 DEOPT UNPACKING pc=0x000002a7b2aa6763 sp=0x000000ef8d2fe858 mode 0
Event: 1.544 Thread 0x000002a7af3b2180 DEOPT PACKING pc=0x000002a7b31bdf6f sp=0x000000ef8d2ff390
Event: 1.544 Thread 0x000002a7af3b2180 DEOPT UNPACKING pc=0x000002a7b2aa6763 sp=0x000000ef8d2fe858 mode 0
Event: 1.544 Thread 0x000002a7af3b2180 DEOPT PACKING pc=0x000002a7b31bdf6f sp=0x000000ef8d2ff390
Event: 1.544 Thread 0x000002a7af3b2180 DEOPT UNPACKING pc=0x000002a7b2aa6763 sp=0x000000ef8d2fe858 mode 0
Event: 1.545 Thread 0x000002a7af3b2180 DEOPT PACKING pc=0x000002a7b31be16d sp=0x000000ef8d2ff390
Event: 1.545 Thread 0x000002a7af3b2180 DEOPT UNPACKING pc=0x000002a7b2aa6763 sp=0x000000ef8d2fe858 mode 0
Event: 1.545 Thread 0x000002a7af3b2180 DEOPT PACKING pc=0x000002a7b31be16d sp=0x000000ef8d2ff390
Event: 1.545 Thread 0x000002a7af3b2180 DEOPT UNPACKING pc=0x000002a7b2aa6763 sp=0x000000ef8d2fe858 mode 0
Event: 1.545 Thread 0x000002a7af3b2180 DEOPT PACKING pc=0x000002a7b31be16d sp=0x000000ef8d2ff390
Event: 1.545 Thread 0x000002a7af3b2180 DEOPT UNPACKING pc=0x000002a7b2aa6763 sp=0x000000ef8d2fe858 mode 0
Event: 1.554 Thread 0x000002a7af3b2180 Uncommon trap: trap_request=0xffffff45 fr.pc=0x000002a7ba5619b4 relative=0x00000000000005f4
Event: 1.554 Thread 0x000002a7af3b2180 Uncommon trap: reason=unstable_if action=reinterpret pc=0x000002a7ba5619b4 method=java.lang.Integer.getChars(II[B)I @ 25 c2
Event: 1.554 Thread 0x000002a7af3b2180 DEOPT PACKING pc=0x000002a7ba5619b4 sp=0x000000ef8d2ff3b0
Event: 1.554 Thread 0x000002a7af3b2180 DEOPT UNPACKING pc=0x000002a7b2aa5c23 sp=0x000000ef8d2ff2e8 mode 2

Classes unloaded (0 events):
No events

Classes redefined (0 events):
No events

Internal exceptions (20 events):
Event: 0.923 Thread 0x000002a7af3b2180 Exception <a 'java/lang/NoSuchMethodError'{0x000000008b30a0c0}: 'int java.lang.invoke.DirectMethodHandle$Holder.invokeStaticInit(java.lang.Object, java.lang.Object, int, long)'> (0x000000008b30a0c0) 
thrown [e:\jenkins\tmp\workspace\build\src\src\hotspot\share\interpreter\linkResolver.cpp, line 766]
Event: 0.924 Thread 0x000002a7af3b2180 Exception <a 'java/lang/NoSuchMethodError'{0x000000008b30f988}: 'java.lang.Object java.lang.invoke.DirectMethodHandle$Holder.newInvokeSpecial(java.lang.Object, java.lang.Object, int)'> (0x000000008b30f988) 
thrown [e:\jenkins\tmp\workspace\build\src\src\hotspot\share\interpreter\linkResolver.cpp, line 766]
Event: 0.925 Thread 0x000002a7af3b2180 Exception <a 'java/lang/NoSuchMethodError'{0x000000008b31ea98}: 'int java.lang.invoke.DirectMethodHandle$Holder.invokeStaticInit(java.lang.Object, java.lang.Object, long, long)'> (0x000000008b31ea98) 
thrown [e:\jenkins\tmp\workspace\build\src\src\hotspot\share\interpreter\linkResolver.cpp, line 766]
Event: 0.926 Thread 0x000002a7af3b2180 Exception <a 'java/lang/NoSuchMethodError'{0x000000008b324ba8}: 'java.lang.Object java.lang.invoke.DirectMethodHandle$Holder.newInvokeSpecial(java.lang.Object, java.lang.Object, long)'> (0x000000008b324ba8) 
thrown [e:\jenkins\tmp\workspace\build\src\src\hotspot\share\interpreter\linkResolver.cpp, line 766]
Event: 0.926 Thread 0x000002a7af3b2180 Exception <a 'java/lang/NoSuchMethodError'{0x000000008b328e98}: 'java.lang.Object java.lang.invoke.Invokers$Holder.linkToTargetMethod(java.lang.Object, long, java.lang.Object)'> (0x000000008b328e98) 
thrown [e:\jenkins\tmp\workspace\build\src\src\hotspot\share\interpreter\linkResolver.cpp, line 766]
Event: 0.927 Thread 0x000002a7af3b2180 Exception <a 'java/lang/NoSuchMethodError'{0x000000008b3305b0}: 'int java.lang.invoke.DirectMethodHandle$Holder.invokeStaticInit(java.lang.Object, java.lang.Object, java.lang.Object, long)'> (0x000000008b3305b0) 
thrown [e:\jenkins\tmp\workspace\build\src\src\hotspot\share\interpreter\linkResolver.cpp, line 766]
Event: 1.015 Thread 0x000002a7af3b2180 Exception <a 'java/lang/NoSuchMethodError'{0x000000008b3a0f20}: 'void java.lang.invoke.DirectMethodHandle$Holder.invokeStaticInit(java.lang.Object, long, double, double)'> (0x000000008b3a0f20) 
thrown [e:\jenkins\tmp\workspace\build\src\src\hotspot\share\interpreter\linkResolver.cpp, line 766]
Event: 1.027 Thread 0x000002a7af3b2180 Exception <a 'java/lang/NoSuchMethodError'{0x000000008b3fc348}: 'void java.lang.invoke.DirectMethodHandle$Holder.invokeStaticInit(java.lang.Object, long, int, int, int)'> (0x000000008b3fc348) 
thrown [e:\jenkins\tmp\workspace\build\src\src\hotspot\share\interpreter\linkResolver.cpp, line 766]
Event: 1.031 Thread 0x000002a7af3b2180 Exception <a 'java/lang/NoSuchMethodError'{0x000000008b21c578}: 'void java.lang.invoke.DirectMethodHandle$Holder.invokeStaticInit(java.lang.Object, long, int, int, int, int)'> (0x000000008b21c578) 
thrown [e:\jenkins\tmp\workspace\build\src\src\hotspot\share\interpreter\linkResolver.cpp, line 766]
Event: 1.041 Thread 0x000002a7af3b2180 Exception <a 'sun/nio/fs/WindowsException'{0x000000008b272278}> (0x000000008b272278) 
thrown [e:\jenkins\tmp\workspace\build\src\src\hotspot\share\prims\jni.cpp, line 516]
Event: 1.041 Thread 0x000002a7af3b2180 Exception <a 'sun/nio/fs/WindowsException'{0x000000008b272628}> (0x000000008b272628) 
thrown [e:\jenkins\tmp\workspace\build\src\src\hotspot\share\prims\jni.cpp, line 516]
Event: 1.044 Thread 0x000002a7af3b2180 Exception <a 'sun/nio/fs/WindowsException'{0x000000008b282940}> (0x000000008b282940) 
thrown [e:\jenkins\tmp\workspace\build\src\src\hotspot\share\prims\jni.cpp, line 516]
Event: 1.044 Thread 0x000002a7af3b2180 Exception <a 'sun/nio/fs/WindowsException'{0x000000008b282c28}> (0x000000008b282c28) 
thrown [e:\jenkins\tmp\workspace\build\src\src\hotspot\share\prims\jni.cpp, line 516]
Event: 1.355 Thread 0x000002a7af3b2180 Exception <a 'java/lang/NoSuchMethodError'{0x000000008abc90d8}: 'int java.lang.invoke.DirectMethodHandle$Holder.invokeVirtual(java.lang.Object, java.lang.Object)'> (0x000000008abc90d8) 
thrown [e:\jenkins\tmp\workspace\build\src\src\hotspot\share\interpreter\linkResolver.cpp, line 766]
Event: 1.362 Thread 0x000002a7af3b2180 Exception <a 'java/lang/NoSuchMethodError'{0x000000008abed290}: 'int java.lang.invoke.DirectMethodHandle$Holder.invokeSpecialIFC(java.lang.Object, java.lang.Object, java.lang.Object)'> (0x000000008abed290) 
thrown [e:\jenkins\tmp\workspace\build\src\src\hotspot\share\interpreter\linkResolver.cpp, line 766]
Event: 1.427 Thread 0x000002a7af3b2180 Exception <a 'java/lang/NoSuchMethodError'{0x000000008a7e88a0}: 'java.lang.Object java.lang.invoke.DirectMethodHandle$Holder.invokeStaticInit(java.lang.Object, int, int, int, int)'> (0x000000008a7e88a0) 
thrown [e:\jenkins\tmp\workspace\build\src\src\hotspot\share\interpreter\linkResolver.cpp, line 766]
Event: 1.473 Thread 0x000002a7af3b2180 Exception <a 'java/lang/NoSuchMethodError'{0x000000008a6c31d8}: 'java.lang.Object java.lang.invoke.DirectMethodHandle$Holder.invokeStaticInit(java.lang.Object, java.lang.Object, int, int, int, int)'> (0x000000008a6c31d8) 
thrown [e:\jenkins\tmp\workspace\build\src\src\hotspot\share\interpreter\linkResolver.cpp, line 766]
Event: 1.476 Thread 0x000002a7af3b2180 Exception <a 'java/lang/NoSuchMethodError'{0x000000008a6cd370}: 'void java.lang.invoke.DirectMethodHandle$Holder.invokeStatic(java.lang.Object, java.lang.Object, java.lang.Object, java.lang.Object)'> (0x000000008a6cd370) 
thrown [e:\jenkins\tmp\workspace\build\src\src\hotspot\share\interpreter\linkResolver.cpp, line 766]
Event: 1.479 Thread 0x000002a7af3b2180 Exception <a 'java/lang/NoSuchMethodError'{0x000000008a6de750}: 'void java.lang.invoke.DirectMethodHandle$Holder.invokeStatic(java.lang.Object, java.lang.Object, java.lang.Object)'> (0x000000008a6de750) 
thrown [e:\jenkins\tmp\workspace\build\src\src\hotspot\share\interpreter\linkResolver.cpp, line 766]
Event: 1.548 Thread 0x000002a7af3b2180 Exception <a 'java/lang/NoSuchMethodError'{0x000000008a8b5d30}: 'void java.lang.invoke.DirectMethodHandle$Holder.invokeVirtual(java.lang.Object, java.lang.Object, int)'> (0x000000008a8b5d30) 
thrown [e:\jenkins\tmp\workspace\build\src\src\hotspot\share\interpreter\linkResolver.cpp, line 766]

VM Operations (19 events):
Event: 0.150 Executing VM operation: HandshakeAllThreads
Event: 0.150 Executing VM operation: HandshakeAllThreads done
Event: 0.217 Executing VM operation: HandshakeAllThreads
Event: 0.217 Executing VM operation: HandshakeAllThreads done
Event: 0.265 Executing VM operation: HandshakeAllThreads
Event: 0.265 Executing VM operation: HandshakeAllThreads done
Event: 0.886 Executing VM operation: HandshakeAllThreads
Event: 0.886 Executing VM operation: HandshakeAllThreads done
Event: 1.405 Executing VM operation: ICBufferFull
Event: 1.405 Executing VM operation: ICBufferFull done
Event: 1.443 Executing VM operation: HandshakeAllThreads
Event: 1.443 Executing VM operation: HandshakeAllThreads done
Event: 1.484 Executing VM operation: HandshakeAllThreads
Event: 1.484 Executing VM operation: HandshakeAllThreads done
Event: 1.491 Executing VM operation: G1CollectForAllocation
Event: 1.496 Executing VM operation: G1CollectForAllocation done
Event: 1.526 Executing VM operation: G1CollectForAllocation
Event: 1.532 Executing VM operation: G1CollectForAllocation done
Event: 1.558 Executing VM operation: Exit

Events (20 events):
Event: 1.466 loading class sun/nio/fs/WindowsPath$WindowsPathWithAttributes
Event: 1.466 loading class sun/nio/fs/BasicFileAttributesHolder
Event: 1.466 loading class sun/nio/fs/BasicFileAttributesHolder done
Event: 1.466 loading class sun/nio/fs/WindowsPath$WindowsPathWithAttributes done
Event: 1.474 loading class sun/security/provider/AbstractDrbg$NonceProvider
Event: 1.474 loading class sun/security/provider/AbstractDrbg$NonceProvider done
Event: 1.474 loading class sun/security/provider/SHA2$SHA256
Event: 1.474 loading class sun/security/provider/SHA2
Event: 1.474 loading class sun/security/provider/SHA2 done
Event: 1.474 loading class sun/security/provider/SHA2$SHA256 done
Event: 1.484 loading class java/lang/NumberFormatException
Event: 1.484 loading class java/lang/NumberFormatException done
Event: 1.485 loading class java/math/BigInteger
Event: 1.485 loading class java/math/BigInteger done
Event: 1.557 loading class java/lang/Throwable$WrappedPrintStream
Event: 1.557 loading class java/lang/Throwable$PrintStreamOrWriter
Event: 1.557 loading class java/lang/Throwable$PrintStreamOrWriter done
Event: 1.557 loading class java/lang/Throwable$WrappedPrintStream done
Event: 1.557 loading class java/lang/StackTraceElement$HashedModules
Event: 1.557 loading class java/lang/StackTraceElement$HashedModules done


Dynamic libraries:
0x00007ff6d20a0000 - 0x00007ff6d20ae000 	C:\Users\flamm\.p2\pool\plugins\org.eclipse.justj.openjdk.hotspot.jre.full.win32.x86_64_17.0.0.v20211012-1059\jre\bin\javaw.exe
0x00007ffb922e0000 - 0x00007ffb924e9000 	C:\WINDOWS\SYSTEM32\ntdll.dll
0x00007ffb91b90000 - 0x00007ffb91c4d000 	C:\WINDOWS\System32\KERNEL32.DLL
0x00007ffb8fbc0000 - 0x00007ffb8ff34000 	C:\WINDOWS\System32\KERNELBASE.dll
0x00007ffb8faa0000 - 0x00007ffb8fbb1000 	C:\WINDOWS\System32\ucrtbase.dll
0x00007ffb81730000 - 0x00007ffb81748000 	C:\Users\flamm\.p2\pool\plugins\org.eclipse.justj.openjdk.hotspot.jre.full.win32.x86_64_17.0.0.v20211012-1059\jre\bin\jli.dll
0x00007ffb81710000 - 0x00007ffb81729000 	C:\Users\flamm\.p2\pool\plugins\org.eclipse.justj.openjdk.hotspot.jre.full.win32.x86_64_17.0.0.v20211012-1059\jre\bin\VCRUNTIME140.dll
0x00007ffb920f0000 - 0x00007ffb9229c000 	C:\WINDOWS\System32\USER32.dll
0x00007ffb8fa70000 - 0x00007ffb8fa96000 	C:\WINDOWS\System32\win32u.dll
0x00007ffb805b0000 - 0x00007ffb80855000 	C:\WINDOWS\WinSxS\amd64_microsoft.windows.common-controls_6595b64144ccf1df_6.0.22000.120_none_9d947278b86cc467\COMCTL32.dll
0x00007ffb92060000 - 0x00007ffb92089000 	C:\WINDOWS\System32\GDI32.dll
0x00007ffb90a90000 - 0x00007ffb90b33000 	C:\WINDOWS\System32\msvcrt.dll
0x00007ffb8ffe0000 - 0x00007ffb900f2000 	C:\WINDOWS\System32\gdi32full.dll
0x00007ffb8ff40000 - 0x00007ffb8ffdd000 	C:\WINDOWS\System32\msvcp_win.dll
0x00007ffb90a50000 - 0x00007ffb90a81000 	C:\WINDOWS\System32\IMM32.DLL
0x00007ffb81700000 - 0x00007ffb8170c000 	C:\Users\flamm\.p2\pool\plugins\org.eclipse.justj.openjdk.hotspot.jre.full.win32.x86_64_17.0.0.v20211012-1059\jre\bin\vcruntime140_1.dll
0x00007ffb76a20000 - 0x00007ffb76ab1000 	C:\Users\flamm\.p2\pool\plugins\org.eclipse.justj.openjdk.hotspot.jre.full.win32.x86_64_17.0.0.v20211012-1059\jre\bin\msvcp140.dll
0x00007ffb281e0000 - 0x00007ffb28e26000 	C:\Users\flamm\.p2\pool\plugins\org.eclipse.justj.openjdk.hotspot.jre.full.win32.x86_64_17.0.0.v20211012-1059\jre\bin\server\jvm.dll
0x00007ffb909a0000 - 0x00007ffb90a4e000 	C:\WINDOWS\System32\ADVAPI32.dll
0x00007ffb91fc0000 - 0x00007ffb9205e000 	C:\WINDOWS\System32\sechost.dll
0x00007ffb91e30000 - 0x00007ffb91f50000 	C:\WINDOWS\System32\RPCRT4.dll
0x00007ffb91d40000 - 0x00007ffb91d48000 	C:\WINDOWS\System32\PSAPI.DLL
0x00007ffb8a3d0000 - 0x00007ffb8a3da000 	C:\WINDOWS\SYSTEM32\VERSION.dll
0x00007ffb8a340000 - 0x00007ffb8a373000 	C:\WINDOWS\SYSTEM32\WINMM.dll
0x00007ffb81c50000 - 0x00007ffb81c59000 	C:\WINDOWS\SYSTEM32\WSOCK32.dll
0x00007ffb90690000 - 0x00007ffb906ff000 	C:\WINDOWS\System32\WS2_32.dll
0x00007ffb8e890000 - 0x00007ffb8e8a8000 	C:\WINDOWS\SYSTEM32\kernel.appcore.dll
0x00007ffb8bd20000 - 0x00007ffb8bd2a000 	C:\Users\flamm\.p2\pool\plugins\org.eclipse.justj.openjdk.hotspot.jre.full.win32.x86_64_17.0.0.v20211012-1059\jre\bin\jimage.dll
0x00007ffb8d210000 - 0x00007ffb8d431000 	C:\WINDOWS\SYSTEM32\DBGHELP.DLL
0x00007ffb891e0000 - 0x00007ffb89211000 	C:\WINDOWS\SYSTEM32\dbgcore.DLL
0x00007ffb90100000 - 0x00007ffb9017f000 	C:\WINDOWS\System32\bcryptPrimitives.dll
0x00007ffb816d0000 - 0x00007ffb816f5000 	C:\Users\flamm\.p2\pool\plugins\org.eclipse.justj.openjdk.hotspot.jre.full.win32.x86_64_17.0.0.v20211012-1059\jre\bin\java.dll
0x00007ffb88ad0000 - 0x00007ffb88ae8000 	C:\Users\flamm\.p2\pool\plugins\org.eclipse.justj.openjdk.hotspot.jre.full.win32.x86_64_17.0.0.v20211012-1059\jre\bin\zip.dll
0x00007ffb90ec0000 - 0x00007ffb9166e000 	C:\WINDOWS\System32\SHELL32.dll
0x00007ffb8d900000 - 0x00007ffb8e167000 	C:\WINDOWS\SYSTEM32\windows.storage.dll
0x00007ffb90b40000 - 0x00007ffb90eb8000 	C:\WINDOWS\System32\combase.dll
0x00007ffb8d790000 - 0x00007ffb8d8f6000 	C:\WINDOWS\SYSTEM32\wintypes.dll
0x00007ffb91870000 - 0x00007ffb9195a000 	C:\WINDOWS\System32\SHCORE.dll
0x00007ffb91810000 - 0x00007ffb9186d000 	C:\WINDOWS\System32\shlwapi.dll
0x00007ffb8f700000 - 0x00007ffb8f721000 	C:\WINDOWS\SYSTEM32\profapi.dll
0x00007ffb81e80000 - 0x00007ffb81e99000 	C:\Users\flamm\.p2\pool\plugins\org.eclipse.justj.openjdk.hotspot.jre.full.win32.x86_64_17.0.0.v20211012-1059\jre\bin\net.dll
0x00007ffb89f30000 - 0x00007ffb8a03c000 	C:\WINDOWS\SYSTEM32\WINHTTP.dll
0x00007ffb8ecc0000 - 0x00007ffb8ed27000 	C:\WINDOWS\system32\mswsock.dll
0x00007ffb816b0000 - 0x00007ffb816c5000 	C:\Users\flamm\.p2\pool\plugins\org.eclipse.justj.openjdk.hotspot.jre.full.win32.x86_64_17.0.0.v20211012-1059\jre\bin\nio.dll
0x0000000064a00000 - 0x000000006580b000 	C:\Users\flamm\AppData\Local\Temp\imgui-java-natives_1645118868471\imgui-java64.dll
0x00007ffb81e60000 - 0x00007ffb81e70000 	C:\Users\flamm\.p2\pool\plugins\org.eclipse.justj.openjdk.hotspot.jre.full.win32.x86_64_17.0.0.v20211012-1059\jre\bin\verify.dll
0x00007ffb769a0000 - 0x00007ffb76a11000 	C:\Users\flamm\AppData\Local\Temp\lwjglflamm\3.3.0-build-21\lwjgl.dll
0x00007ffb767c0000 - 0x00007ffb76821000 	C:\Users\flamm\AppData\Local\Temp\lwjglflamm\3.3.0-build-21\glfw.dll
0x00007ffb76770000 - 0x00007ffb767b5000 	C:\WINDOWS\SYSTEM32\dinput8.dll
0x00007ffb81690000 - 0x00007ffb816a1000 	C:\WINDOWS\SYSTEM32\xinput1_4.dll
0x00007ffb8f420000 - 0x00007ffb8f46c000 	C:\WINDOWS\SYSTEM32\cfgmgr32.dll
0x00007ffb8f470000 - 0x00007ffb8f49c000 	C:\WINDOWS\SYSTEM32\DEVOBJ.dll
0x00007ffb8cf10000 - 0x00007ffb8cf3f000 	C:\WINDOWS\SYSTEM32\dwmapi.dll
0x00007ffb6aeb0000 - 0x00007ffb6b079000 	C:\WINDOWS\SYSTEM32\inputhost.dll
0x00007ffb8c5c0000 - 0x00007ffb8c6f2000 	C:\WINDOWS\SYSTEM32\CoreMessaging.dll
0x00007ffb8ca60000 - 0x00007ffb8cb0c000 	C:\WINDOWS\system32\uxtheme.dll
0x00007ffb91a50000 - 0x00007ffb91b6e000 	C:\WINDOWS\System32\MSCTF.dll
0x00007ffb8ef40000 - 0x00007ffb8ef4c000 	C:\WINDOWS\SYSTEM32\CRYPTBASE.DLL
0x00007ffb62bf0000 - 0x00007ffb62cf1000 	C:\WINDOWS\SYSTEM32\opengl32.dll
0x00007ffb61df0000 - 0x00007ffb61e1d000 	C:\WINDOWS\SYSTEM32\GLU32.dll
0x00007ffb8cb60000 - 0x00007ffb8cb98000 	C:\WINDOWS\SYSTEM32\dxcore.dll
0x00007ffb74bb0000 - 0x00007ffb74bf4000 	C:\WINDOWS\SYSTEM32\directxdatabasehelper.dll
0x00007ffb8ccc0000 - 0x00007ffb8ccf4000 	C:\WINDOWS\SYSTEM32\ntmarta.dll
0x00007ffb908f0000 - 0x00007ffb9099f000 	C:\WINDOWS\System32\clbcatq.dll
0x00007ffb257a0000 - 0x00007ffb26811000 	C:\WINDOWS\System32\DriverStore\FileRepository\iigd_dch.inf_amd64_0a2eb8dac923ec42\ig11icd64.dll
0x00007ffb91670000 - 0x00007ffb9180a000 	C:\WINDOWS\System32\ole32.dll
0x00007ffb8cba0000 - 0x00007ffb8cc93000 	C:\WINDOWS\system32\dxgi.dll
0x00007ffb2e900000 - 0x00007ffb2ed87000 	C:\WINDOWS\System32\DriverStore\FileRepository\iigd_dch.inf_amd64_0a2eb8dac923ec42\igdml64.dll
0x00007ffb6f270000 - 0x00007ffb6f631000 	C:\WINDOWS\System32\DriverStore\FileRepository\iigd_dch.inf_amd64_0a2eb8dac923ec42\igdgmm64.dll
0x00007ffb6b920000 - 0x00007ffb6eb26000 	C:\WINDOWS\System32\DriverStore\FileRepository\iigd_dch.inf_amd64_0a2eb8dac923ec42\igc64.dll
0x00007ffb8f6a0000 - 0x00007ffb8f6ed000 	C:\WINDOWS\SYSTEM32\powrprof.dll
0x00007ffb8f680000 - 0x00007ffb8f693000 	C:\WINDOWS\SYSTEM32\UMPDC.dll
0x00007ffb766b0000 - 0x00007ffb7670d000 	C:\Users\flamm\AppData\Local\Temp\lwjglflamm\3.3.0-build-21\lwjgl_opengl.dll
0x00007ffb73490000 - 0x00007ffb735bd000 	C:\WINDOWS\SYSTEM32\textinputframework.dll
0x00007ffb91d50000 - 0x00007ffb91e26000 	C:\WINDOWS\System32\OLEAUT32.dll
0x00007ffb735c0000 - 0x00007ffb7392d000 	C:\WINDOWS\SYSTEM32\CoreUIComponents.dll
0x00007ffb8ef20000 - 0x00007ffb8ef38000 	C:\WINDOWS\SYSTEM32\CRYPTSP.dll
0x00007ffb8e7f0000 - 0x00007ffb8e825000 	C:\WINDOWS\system32\rsaenh.dll
0x00007ffb8edd0000 - 0x00007ffb8edf9000 	C:\WINDOWS\SYSTEM32\USERENV.dll
0x00007ffb8f130000 - 0x00007ffb8f157000 	C:\WINDOWS\SYSTEM32\bcrypt.dll
0x00007ffb8e3c0000 - 0x00007ffb8e3ed000 	C:\WINDOWS\SYSTEM32\IPHLPAPI.DLL
0x00007ffb90710000 - 0x00007ffb90719000 	C:\WINDOWS\System32\NSI.dll
0x00007ffb8a390000 - 0x00007ffb8a3a9000 	C:\WINDOWS\SYSTEM32\dhcpcsvc6.DLL
0x00007ffb8aad0000 - 0x00007ffb8aaee000 	C:\WINDOWS\SYSTEM32\dhcpcsvc.DLL
0x00007ffb8e3f0000 - 0x00007ffb8e4d7000 	C:\WINDOWS\SYSTEM32\DNSAPI.dll

dbghelp: loaded successfully - version: 4.0.5 - missing functions: none
symbol engine: initialized successfully - sym options: 0x614 - pdb path: .;C:\Users\flamm\.p2\pool\plugins\org.eclipse.justj.openjdk.hotspot.jre.full.win32.x86_64_17.0.0.v20211012-1059\jre\bin;C:\WINDOWS\SYSTEM32;C:\WINDOWS\WinSxS\amd64_microsoft.windows.common-controls_6595b64144ccf1df_6.0.22000.120_none_9d947278b86cc467;C:\Users\flamm\.p2\pool\plugins\org.eclipse.justj.openjdk.hotspot.jre.full.win32.x86_64_17.0.0.v20211012-1059\jre\bin\server;C:\Users\flamm\AppData\Local\Temp\imgui-java-natives_1645118868471;C:\Users\flamm\AppData\Local\Temp\lwjglflamm\3.3.0-build-21;C:\WINDOWS\System32\DriverStore\FileRepository\iigd_dch.inf_amd64_0a2eb8dac923ec42

VM Arguments:
jvm_args: -Dfile.encoding=UTF-8 -XX:+ShowCodeDetailsInExceptionMessages 
java_command: protein_structural_autoencoder.App
java_class_path (initial): C:\Users\flamm\git\protein-structural-autoencoder\protein_structural_autoencoder\bin;C:\Users\flamm\git\protein-structural-autoencoder\protein_structural_autoencoder\lib\lwjgl\lwjgl.jar;C:\Users\flamm\git\protein-structural-autoencoder\protein_structural_autoencoder\lib\lwjgl\lwjgl-assimp.jar;C:\Users\flamm\git\protein-structural-autoencoder\protein_structural_autoencoder\lib\lwjgl\lwjgl-assimp-javadoc.jar;C:\Users\flamm\git\protein-structural-autoencoder\protein_structural_autoencoder\lib\lwjgl\lwjgl-assimp-natives-linux.jar;C:\Users\flamm\git\protein-structural-autoencoder\protein_structural_autoencoder\lib\lwjgl\lwjgl-assimp-natives-linux-arm32.jar;C:\Users\flamm\git\protein-structural-autoencoder\protein_structural_autoencoder\lib\lwjgl\lwjgl-assimp-natives-linux-arm64.jar;C:\Users\flamm\git\protein-structural-autoencoder\protein_structural_autoencoder\lib\lwjgl\lwjgl-assimp-natives-macos.jar;C:\Users\flamm\git\protein-structural-autoencoder\protein_structural_autoencoder\lib\lwjgl\lwjgl-assimp-natives-macos-arm64.jar;C:\Users\flamm\git\protein-structural-autoencoder\protein_structural_autoencoder\lib\lwjgl\lwjgl-assimp-natives-windows.jar;C:\Users\flamm\git\protein-structural-autoencoder\protein_structural_autoencoder\lib\lwjgl\lwjgl-assimp-natives-windows-arm64.jar;C:\Users\flamm\git\protein-structural-autoencoder\protein_structural_autoencoder\lib\lwjgl\lwjgl-assimp-natives-windows-x86.jar;C:\Users\flamm\git\protein-structural-autoencoder\protein_structural_autoencoder\lib\lwjgl\lwjgl-assimp-sources.jar;C:\Users\flamm\git\protein-structural-autoencoder\protein_structural_autoencoder\lib\lwjgl\lwjgl-glfw.jar;C:\Users\flamm\git\protein-structural-autoencoder\protein_structural_autoencoder\lib\lwjgl\lwjgl-glfw-javadoc.jar;C:\Users\flamm\git\protein-structural-autoencoder\protein_structural_autoencoder\lib\lwjgl\lwjgl-glfw-natives-linux.jar;C:\Users\flamm\git\protein-structural-autoencoder\protein_structural_autoencoder\lib\lwjgl\lwjg
Launcher Type: SUN_STANDARD

[Global flags]
     intx CICompilerCount                          = 4                                         {product} {ergonomic}
     uint ConcGCThreads                            = 2                                         {product} {ergonomic}
     uint G1ConcRefinementThreads                  = 8                                         {product} {ergonomic}
   size_t G1HeapRegionSize                         = 1048576                                   {product} {ergonomic}
    uintx GCDrainStackTargetSize                   = 64                                        {product} {ergonomic}
   size_t InitialHeapSize                          = 130023424                                 {product} {ergonomic}
   size_t MarkStackSize                            = 4194304                                   {product} {ergonomic}
   size_t MaxHeapSize                              = 2080374784                                {product} {ergonomic}
   size_t MaxNewSize                               = 1247805440                                {product} {ergonomic}
   size_t MinHeapDeltaBytes                        = 1048576                                   {product} {ergonomic}
   size_t MinHeapSize                              = 8388608                                   {product} {ergonomic}
    uintx NonNMethodCodeHeapSize                   = 5839372                                {pd product} {ergonomic}
    uintx NonProfiledCodeHeapSize                  = 122909434                              {pd product} {ergonomic}
    uintx ProfiledCodeHeapSize                     = 122909434                              {pd product} {ergonomic}
    uintx ReservedCodeCacheSize                    = 251658240                              {pd product} {ergonomic}
     bool SegmentedCodeCache                       = true                                      {product} {ergonomic}
     bool ShowCodeDetailsInExceptionMessages       = true                                   {manageable} {command line}
   size_t SoftMaxHeapSize                          = 2080374784                             {manageable} {ergonomic}
     bool UseCompressedClassPointers               = true                           {product lp64_product} {ergonomic}
     bool UseCompressedOops                        = true                           {product lp64_product} {ergonomic}
     bool UseG1GC                                  = true                                      {product} {ergonomic}
     bool UseLargePagesIndividualAllocation        = false                                  {pd product} {ergonomic}

Logging:
Log output configuration:
 #0: stdout all=off uptime,level,tags
 #1: stderr all=off uptime,level,tags

Environment Variables:
PATH=C:/Users/flamm/.p2/pool/plugins/org.eclipse.justj.openjdk.hotspot.jre.full.win32.x86_64_17.0.0.v20211012-1059/jre/bin/server;C:/Users/flamm/.p2/pool/plugins/org.eclipse.justj.openjdk.hotspot.jre.full.win32.x86_64_17.0.0.v20211012-1059/jre/bin;C:\ProgramData\Miniconda3;C:\ProgramData\Miniconda3\Library\mingw-w64\bin;C:\ProgramData\Miniconda3\Library\usr\bin;C:\ProgramData\Miniconda3\Library\bin;C:\ProgramData\Miniconda3\Scripts;C:\MinGW\bin;C:\Program Files (x86)\GnuWin32\bin;C:\Program Files (x86)\Common Files\Intel\Shared Libraries\redist\intel64_win\compiler;C:\Program Files (x86)\Common Files\Oracle\Java\javapath;C:\WINDOWS\system32;C:\WINDOWS;C:\WINDOWS\System32\Wbem;C:\WINDOWS\System32\WindowsPowerShell\v1.0\;C:\WINDOWS\System32\OpenSSH\;C:\Program Files\MySQL\MySQL Server 8.0\bin;C:\Program Files\PuTTY\;C:\Program Files\Git\cmd;C:\Program Files\nodejs\;C:\ProgramData\chocolatey\bin;C:\Program Files\CMake\bin;C:\ffmpeg\bin;C:\Program Files\PostgreSQL\14\bin;C:\Program Files (x86)\Gpg4win\..\GnuPG\bin;C:\roswell;C:\lispstick\Steel Bank Common Lisp\1.1.12;C:\Program Files\Docker\Docker\resources\bin;C:\ProgramData\DockerDesktop\version-bin;C:\Program Files\Steel Bank Common Lisp\;C:\Program Files\MiKTeX\miktex\bin\x64\;C:\Users\flamm\AppData\Local\Programs\Python\Python39\Scripts\;C:\Users\flamm\AppData\Local\Programs\Python\Python39\;C:\Program Files\MySQL\MySQL Shell 8.0\bin\;C:\Users\flamm\AppData\Local\Microsoft\WindowsApps;C:\Users\flamm\AppData\Local\Programs\Microsoft VS Code\bin;C:\Program Files\heroku\bin;C:\Users\flamm\AppData\Roaming\npm;;C:\Users\flamm\eclipse\java-2021-09\eclipse;
USERNAME=flamm
OS=Windows_NT
PROCESSOR_IDENTIFIER=Intel64 Family 6 Model 126 Stepping 5, GenuineIntel



---------------  S Y S T E M  ---------------

OS:
 Windows 10 , 64 bit Build 22000 (10.0.22000.434)
OS uptime: 2 days 15:56 hours
Hyper-V role detected

CPU: total 8 (initial active 8) (4 cores per cpu, 2 threads per core) family 6 model 126 stepping 5 microcode 0xa0, cx8, cmov, fxsr, ht, mmx, 3dnowpref, sse, sse2, sse3, ssse3, sse4.1, sse4.2, popcnt, lzcnt, tsc, tscinvbit, avx, avx2, aes, erms, clmul, bmi1, bmi2, adx, avx512f, avx512dq, avx512cd, avx512bw, avx512vl, sha, fma, vzeroupper, avx512_vpopcntdq, avx512_vpclmulqdq, avx512_vaes, avx512_vnni, clflush, clflushopt, avx512_vbmi2, avx512_vbmi, hv

Memory: 4k page, system-wide physical 7930M (801M free)
TotalPageFile size 17658M (AvailPageFile size 3929M)
current process WorkingSet (physical memory assigned to process): 217M, peak: 217M
current process commit charge ("private bytes"): 301M, peak: 301M

vm_info: OpenJDK 64-Bit Server VM (17+35) for windows-amd64 JRE (17+35), built on Sep 14 2021 17:27:39 by "" with MS VC++ 16.7 (VS2019)

END.
